{"C:\\Users\\tompp\\OneDrive - University of Eastern Finland\\Web ohjelmointi 2\\backend-cource-project\\src\\app.js": {"path":"C:\\Users\\tompp\\OneDrive - University of Eastern Finland\\Web ohjelmointi 2\\backend-cource-project\\src\\app.js","statementMap":{"0":{"start":{"line":1,"column":14},"end":{"line":1,"column":32}},"1":{"start":{"line":2,"column":12},"end":{"line":2,"column":21}},"2":{"start":{"line":3,"column":20},"end":{"line":3,"column":45}},"3":{"start":{"line":4,"column":19},"end":{"line":4,"column":43}},"4":{"start":{"line":5,"column":13},"end":{"line":5,"column":28}},"5":{"start":{"line":6,"column":26},"end":{"line":6,"column":49}},"6":{"start":{"line":7,"column":21},"end":{"line":7,"column":57}},"7":{"start":{"line":8,"column":17},"end":{"line":8,"column":37}},"8":{"start":{"line":9,"column":15},"end":{"line":9,"column":38}},"9":{"start":{"line":11,"column":0},"end":{"line":11,"column":95}},"10":{"start":{"line":11,"column":58},"end":{"line":11,"column":88}},"11":{"start":{"line":14,"column":0},"end":{"line":14,"column":62}},"12":{"start":{"line":16,"column":0},"end":{"line":16,"column":24}},"13":{"start":{"line":19,"column":0},"end":{"line":19,"column":39}},"14":{"start":{"line":20,"column":0},"end":{"line":20,"column":33}},"15":{"start":{"line":22,"column":0},"end":{"line":24,"column":3}},"16":{"start":{"line":23,"column":2},"end":{"line":23,"column":28}},"17":{"start":{"line":27,"column":0},"end":{"line":27,"column":22}},"18":{"start":{"line":28,"column":0},"end":{"line":28,"column":21}}},"fnMap":{"0":{"name":"(anonymous_0)","decl":{"start":{"line":11,"column":49},"end":{"line":11,"column":50}},"loc":{"start":{"line":11,"column":58},"end":{"line":11,"column":88}},"line":11},"1":{"name":"(anonymous_1)","decl":{"start":{"line":22,"column":8},"end":{"line":22,"column":9}},"loc":{"start":{"line":22,"column":22},"end":{"line":24,"column":1}},"line":22}},"branchMap":{},"s":{"0":2,"1":2,"2":2,"3":2,"4":2,"5":2,"6":2,"7":2,"8":2,"9":2,"10":8,"11":2,"12":2,"13":2,"14":2,"15":2,"16":0,"17":2,"18":2},"f":{"0":8,"1":0},"b":{},"meta":{"lastBranch":0,"lastFunction":2,"lastStatement":19,"seen":{"s:1:14:1:32":0,"s:2:12:2:21":1,"s:3:20:3:45":2,"s:4:19:4:43":3,"s:5:13:5:28":4,"s:6:26:6:49":5,"s:7:21:7:57":6,"s:8:17:8:37":7,"s:9:15:9:38":8,"s:11:0:11:95":9,"f:11:49:11:50":0,"s:11:58:11:88":10,"s:14:0:14:62":11,"s:16:0:16:24":12,"s:19:0:19:39":13,"s:20:0:20:33":14,"s:22:0:24:3":15,"f:22:8:22:9":1,"s:23:2:23:28":16,"s:27:0:27:22":17,"s:28:0:28:21":18}}}
,"C:\\Users\\tompp\\OneDrive - University of Eastern Finland\\Web ohjelmointi 2\\backend-cource-project\\src\\lib\\errors.js": {"path":"C:\\Users\\tompp\\OneDrive - University of Eastern Finland\\Web ohjelmointi 2\\backend-cource-project\\src\\lib\\errors.js","statementMap":{"0":{"start":{"line":3,"column":0},"end":{"line":3,"column":15}},"1":{"start":{"line":4,"column":0},"end":{"line":4,"column":21}},"2":{"start":{"line":7,"column":77},"end":{"line":7,"column":91}},"3":{"start":{"line":8,"column":74},"end":{"line":8,"column":88}},"4":{"start":{"line":9,"column":68},"end":{"line":9,"column":82}},"5":{"start":{"line":10,"column":67},"end":{"line":10,"column":81}},"6":{"start":{"line":11,"column":66},"end":{"line":11,"column":80}},"7":{"start":{"line":13,"column":0},"end":{"line":16,"column":null}}},"fnMap":{"0":{"name":"(anonymous_0)","decl":{"start":{"line":2,"column":0},"end":{"line":2,"column":11}},"loc":{"start":{"line":2,"column":29},"end":{"line":5,"column":3}},"line":2},"1":{"name":"(anonymous_1)","decl":{"start":{"line":7,"column":41},"end":{"line":7,"column":52}},"loc":{"start":{"line":7,"column":75},"end":{"line":7,"column":93}},"line":7},"2":{"name":"(anonymous_2)","decl":{"start":{"line":8,"column":43},"end":{"line":8,"column":54}},"loc":{"start":{"line":8,"column":72},"end":{"line":8,"column":90}},"line":8},"3":{"name":"(anonymous_3)","decl":{"start":{"line":9,"column":40},"end":{"line":9,"column":51}},"loc":{"start":{"line":9,"column":66},"end":{"line":9,"column":84}},"line":9},"4":{"name":"(anonymous_4)","decl":{"start":{"line":10,"column":39},"end":{"line":10,"column":50}},"loc":{"start":{"line":10,"column":65},"end":{"line":10,"column":83}},"line":10},"5":{"name":"(anonymous_5)","decl":{"start":{"line":11,"column":39},"end":{"line":11,"column":50}},"loc":{"start":{"line":11,"column":64},"end":{"line":11,"column":82}},"line":11}},"branchMap":{"0":{"loc":{"start":{"line":7,"column":53},"end":{"line":7,"column":70}},"type":"default-arg","locations":[{"start":{"line":7,"column":55},"end":{"line":7,"column":70}}],"line":7},"1":{"loc":{"start":{"line":8,"column":55},"end":{"line":8,"column":71}},"type":"default-arg","locations":[{"start":{"line":8,"column":57},"end":{"line":8,"column":71}}],"line":8},"2":{"loc":{"start":{"line":9,"column":52},"end":{"line":9,"column":65}},"type":"default-arg","locations":[{"start":{"line":9,"column":54},"end":{"line":9,"column":65}}],"line":9},"3":{"loc":{"start":{"line":10,"column":51},"end":{"line":10,"column":64}},"type":"default-arg","locations":[{"start":{"line":10,"column":53},"end":{"line":10,"column":64}}],"line":10},"4":{"loc":{"start":{"line":11,"column":51},"end":{"line":11,"column":63}},"type":"default-arg","locations":[{"start":{"line":11,"column":53},"end":{"line":11,"column":63}}],"line":11}},"s":{"0":1,"1":1,"2":0,"3":1,"4":0,"5":0,"6":0,"7":2},"f":{"0":1,"1":0,"2":1,"3":0,"4":0,"5":0},"b":{"0":[0],"1":[1],"2":[0],"3":[0],"4":[0]},"meta":{"lastBranch":5,"lastFunction":6,"lastStatement":8,"seen":{"f:2:0:2:11":0,"s:3:0:3:15":0,"s:4:0:4:21":1,"f:7:41:7:52":1,"b:7:55:7:70":0,"s:7:77:7:91":2,"f:8:43:8:54":2,"b:8:57:8:71":1,"s:8:74:8:88":3,"f:9:40:9:51":3,"b:9:54:9:65":2,"s:9:68:9:82":4,"f:10:39:10:50":4,"b:10:53:10:64":3,"s:10:67:10:81":5,"f:11:39:11:50":5,"b:11:53:11:63":4,"s:11:66:11:80":6,"s:13:0:16:Infinity":7}}}
,"C:\\Users\\tompp\\OneDrive - University of Eastern Finland\\Web ohjelmointi 2\\backend-cource-project\\src\\lib\\logger.js": {"path":"C:\\Users\\tompp\\OneDrive - University of Eastern Finland\\Web ohjelmointi 2\\backend-cource-project\\src\\lib\\logger.js","statementMap":{"0":{"start":{"line":1,"column":13},"end":{"line":1,"column":null}},"1":{"start":{"line":3,"column":0},"end":{"line":10,"column":null}}},"fnMap":{},"branchMap":{"0":{"loc":{"start":{"line":4,"column":11},"end":{"line":4,"column":null}},"type":"binary-expr","locations":[{"start":{"line":4,"column":11},"end":{"line":4,"column":36}},{"start":{"line":4,"column":36},"end":{"line":4,"column":null}}],"line":4},"1":{"loc":{"start":{"line":9,"column":11},"end":{"line":9,"column":null}},"type":"cond-expr","locations":[{"start":{"line":9,"column":50},"end":{"line":9,"column":77}},{"start":{"line":9,"column":77},"end":{"line":9,"column":null}}],"line":9}},"s":{"0":2,"1":2},"f":{},"b":{"0":[2,2],"1":[2,2]},"meta":{"lastBranch":2,"lastFunction":0,"lastStatement":2,"seen":{"s:1:13:1:Infinity":0,"s:3:0:10:Infinity":1,"b:4:11:4:36:4:36:4:Infinity":0,"b:9:50:9:77:9:77:9:Infinity":1}}}
,"C:\\Users\\tompp\\OneDrive - University of Eastern Finland\\Web ohjelmointi 2\\backend-cource-project\\src\\lib\\prisma.js": {"path":"C:\\Users\\tompp\\OneDrive - University of Eastern Finland\\Web ohjelmointi 2\\backend-cource-project\\src\\lib\\prisma.js","statementMap":{"0":{"start":{"line":1,"column":25},"end":{"line":1,"column":50}},"1":{"start":{"line":3,"column":15},"end":{"line":3,"column":33}},"2":{"start":{"line":5,"column":0},"end":{"line":5,"column":null}}},"fnMap":{},"branchMap":{},"s":{"0":2,"1":2,"2":2},"f":{},"b":{},"meta":{"lastBranch":0,"lastFunction":0,"lastStatement":3,"seen":{"s:1:25:1:50":0,"s:3:15:3:33":1,"s:5:0:5:Infinity":2}}}
,"C:\\Users\\tompp\\OneDrive - University of Eastern Finland\\Web ohjelmointi 2\\backend-cource-project\\src\\middleware\\auth.js": {"path":"C:\\Users\\tompp\\OneDrive - University of Eastern Finland\\Web ohjelmointi 2\\backend-cource-project\\src\\middleware\\auth.js","statementMap":{"0":{"start":{"line":1,"column":12},"end":{"line":1,"column":35}},"1":{"start":{"line":2,"column":15},"end":{"line":2,"column":37}},"2":{"start":{"line":3,"column":46},"end":{"line":3,"column":70}},"3":{"start":{"line":6,"column":2},"end":{"line":30,"column":3}},"4":{"start":{"line":7,"column":23},"end":{"line":7,"column":48}},"5":{"start":{"line":10,"column":4},"end":{"line":13,"column":5}},"6":{"start":{"line":12,"column":6},"end":{"line":12,"column":50}},"7":{"start":{"line":16,"column":18},"end":{"line":16,"column":42}},"8":{"start":{"line":18,"column":4},"end":{"line":26,"column":5}},"9":{"start":{"line":19,"column":22},"end":{"line":19,"column":47}},"10":{"start":{"line":20,"column":6},"end":{"line":20,"column":25}},"11":{"start":{"line":21,"column":6},"end":{"line":21,"column":13}},"12":{"start":{"line":25,"column":6},"end":{"line":25,"column":59}},"13":{"start":{"line":29,"column":4},"end":{"line":29,"column":16}},"14":{"start":{"line":33,"column":0},"end":{"line":33,"column":null}}},"fnMap":{"0":{"name":"authenticate","decl":{"start":{"line":5,"column":9},"end":{"line":5,"column":21}},"loc":{"start":{"line":5,"column":38},"end":{"line":31,"column":1}},"line":5}},"branchMap":{"0":{"loc":{"start":{"line":10,"column":4},"end":{"line":13,"column":5}},"type":"if","locations":[{"start":{"line":10,"column":4},"end":{"line":13,"column":5}},{"start":{},"end":{}}],"line":10},"1":{"loc":{"start":{"line":10,"column":8},"end":{"line":10,"column":56}},"type":"binary-expr","locations":[{"start":{"line":10,"column":8},"end":{"line":10,"column":19}},{"start":{"line":10,"column":23},"end":{"line":10,"column":56}}],"line":10}},"s":{"0":2,"1":2,"2":2,"3":3,"4":3,"5":3,"6":1,"7":2,"8":2,"9":2,"10":2,"11":2,"12":0,"13":1,"14":2},"f":{"0":3},"b":{"0":[1,2],"1":[3,2]},"meta":{"lastBranch":2,"lastFunction":1,"lastStatement":15,"seen":{"s:1:12:1:35":0,"s:2:15:2:37":1,"s:3:46:3:70":2,"f:5:9:5:21":0,"s:6:2:30:3":3,"s:7:23:7:48":4,"b:10:4:13:5:undefined:undefined:undefined:undefined":0,"s:10:4:13:5":5,"b:10:8:10:19:10:23:10:56":1,"s:12:6:12:50":6,"s:16:18:16:42":7,"s:18:4:26:5":8,"s:19:22:19:47":9,"s:20:6:20:25":10,"s:21:6:21:13":11,"s:25:6:25:59":12,"s:29:4:29:16":13,"s:33:0:33:Infinity":14}}}
,"C:\\Users\\tompp\\OneDrive - University of Eastern Finland\\Web ohjelmointi 2\\backend-cource-project\\src\\middleware\\errorHandler.js": {"path":"C:\\Users\\tompp\\OneDrive - University of Eastern Finland\\Web ohjelmointi 2\\backend-cource-project\\src\\middleware\\errorHandler.js","statementMap":{"0":{"start":{"line":1,"column":15},"end":{"line":1,"column":32}},"1":{"start":{"line":2,"column":19},"end":{"line":2,"column":33}},"2":{"start":{"line":3,"column":12},"end":{"line":3,"column":35}},"3":{"start":{"line":4,"column":21},"end":{"line":4,"column":45}},"4":{"start":{"line":8,"column":3},"end":{"line":10,"column":5}},"5":{"start":{"line":9,"column":4},"end":{"line":9,"column":81}},"6":{"start":{"line":12,"column":4},"end":{"line":14,"column":5}},"7":{"start":{"line":13,"column":8},"end":{"line":13,"column":61}},"8":{"start":{"line":16,"column":4},"end":{"line":18,"column":5}},"9":{"start":{"line":17,"column":8},"end":{"line":17,"column":67}},"10":{"start":{"line":20,"column":4},"end":{"line":22,"column":5}},"11":{"start":{"line":21,"column":8},"end":{"line":21,"column":69}},"12":{"start":{"line":24,"column":4},"end":{"line":26,"column":5}},"13":{"start":{"line":25,"column":8},"end":{"line":25,"column":81}},"14":{"start":{"line":28,"column":4},"end":{"line":28,"column":44}},"15":{"start":{"line":29,"column":4},"end":{"line":29,"column":63}},"16":{"start":{"line":32,"column":0},"end":{"line":32,"column":null}}},"fnMap":{"0":{"name":"errorHandler","decl":{"start":{"line":6,"column":9},"end":{"line":6,"column":21}},"loc":{"start":{"line":6,"column":44},"end":{"line":31,"column":1}},"line":6}},"branchMap":{"0":{"loc":{"start":{"line":8,"column":3},"end":{"line":10,"column":5}},"type":"if","locations":[{"start":{"line":8,"column":3},"end":{"line":10,"column":5}},{"start":{},"end":{}}],"line":8},"1":{"loc":{"start":{"line":12,"column":4},"end":{"line":14,"column":5}},"type":"if","locations":[{"start":{"line":12,"column":4},"end":{"line":14,"column":5}},{"start":{},"end":{}}],"line":12},"2":{"loc":{"start":{"line":16,"column":4},"end":{"line":18,"column":5}},"type":"if","locations":[{"start":{"line":16,"column":4},"end":{"line":18,"column":5}},{"start":{},"end":{}}],"line":16},"3":{"loc":{"start":{"line":16,"column":8},"end":{"line":16,"column":84}},"type":"binary-expr","locations":[{"start":{"line":16,"column":8},"end":{"line":16,"column":44}},{"start":{"line":16,"column":48},"end":{"line":16,"column":84}}],"line":16},"4":{"loc":{"start":{"line":20,"column":4},"end":{"line":22,"column":5}},"type":"if","locations":[{"start":{"line":20,"column":4},"end":{"line":22,"column":5}},{"start":{},"end":{}}],"line":20},"5":{"loc":{"start":{"line":24,"column":4},"end":{"line":26,"column":5}},"type":"if","locations":[{"start":{"line":24,"column":4},"end":{"line":26,"column":5}},{"start":{},"end":{}}],"line":24}},"s":{"0":2,"1":2,"2":2,"3":2,"4":3,"5":1,"6":2,"7":0,"8":2,"9":0,"10":2,"11":1,"12":1,"13":0,"14":1,"15":3,"16":2},"f":{"0":3},"b":{"0":[1,2],"1":[0,2],"2":[0,2],"3":[2,2],"4":[1,1],"5":[0,1]},"meta":{"lastBranch":6,"lastFunction":1,"lastStatement":17,"seen":{"s:1:15:1:32":0,"s:2:19:2:33":1,"s:3:12:3:35":2,"s:4:21:4:45":3,"f:6:9:6:21":0,"b:8:3:10:5:undefined:undefined:undefined:undefined":0,"s:8:3:10:5":4,"s:9:4:9:81":5,"b:12:4:14:5:undefined:undefined:undefined:undefined":1,"s:12:4:14:5":6,"s:13:8:13:61":7,"b:16:4:18:5:undefined:undefined:undefined:undefined":2,"s:16:4:18:5":8,"b:16:8:16:44:16:48:16:84":3,"s:17:8:17:67":9,"b:20:4:22:5:undefined:undefined:undefined:undefined":4,"s:20:4:22:5":10,"s:21:8:21:69":11,"b:24:4:26:5:undefined:undefined:undefined:undefined":5,"s:24:4:26:5":12,"s:25:8:25:81":13,"s:28:4:28:44":14,"s:29:4:29:63":15,"s:32:0:32:Infinity":16}}}
,"C:\\Users\\tompp\\OneDrive - University of Eastern Finland\\Web ohjelmointi 2\\backend-cource-project\\src\\middleware\\isOwner.js": {"path":"C:\\Users\\tompp\\OneDrive - University of Eastern Finland\\Web ohjelmointi 2\\backend-cource-project\\src\\middleware\\isOwner.js","statementMap":{"0":{"start":{"line":1,"column":15},"end":{"line":1,"column":39}},"1":{"start":{"line":2,"column":42},"end":{"line":2,"column":66}},"2":{"start":{"line":6,"column":15},"end":{"line":6,"column":36}},"3":{"start":{"line":7,"column":17},"end":{"line":10,"column":6}},"4":{"start":{"line":11,"column":4},"end":{"line":13,"column":5}},"5":{"start":{"line":12,"column":6},"end":{"line":12,"column":48}},"6":{"start":{"line":14,"column":4},"end":{"line":16,"column":5}},"7":{"start":{"line":15,"column":6},"end":{"line":15,"column":68}},"8":{"start":{"line":17,"column":4},"end":{"line":17,"column":20}},"9":{"start":{"line":18,"column":4},"end":{"line":18,"column":11}},"10":{"start":{"line":21,"column":0},"end":{"line":21,"column":null}}},"fnMap":{"0":{"name":"isOwner","decl":{"start":{"line":5,"column":15},"end":{"line":5,"column":22}},"loc":{"start":{"line":5,"column":40},"end":{"line":20,"column":1}},"line":5}},"branchMap":{"0":{"loc":{"start":{"line":11,"column":4},"end":{"line":13,"column":5}},"type":"if","locations":[{"start":{"line":11,"column":4},"end":{"line":13,"column":5}},{"start":{},"end":{}}],"line":11},"1":{"loc":{"start":{"line":14,"column":4},"end":{"line":16,"column":5}},"type":"if","locations":[{"start":{"line":14,"column":4},"end":{"line":16,"column":5}},{"start":{},"end":{}}],"line":14}},"s":{"0":2,"1":2,"2":0,"3":0,"4":0,"5":0,"6":0,"7":0,"8":0,"9":0,"10":2},"f":{"0":0},"b":{"0":[0,0],"1":[0,0]},"meta":{"lastBranch":2,"lastFunction":1,"lastStatement":11,"seen":{"s:1:15:1:39":0,"s:2:42:2:66":1,"f:5:15:5:22":0,"s:6:15:6:36":2,"s:7:17:10:6":3,"b:11:4:13:5:undefined:undefined:undefined:undefined":0,"s:11:4:13:5":4,"s:12:6:12:48":5,"b:14:4:16:5:undefined:undefined:undefined:undefined":1,"s:14:4:16:5":6,"s:15:6:15:68":7,"s:17:4:17:20":8,"s:18:4:18:11":9,"s:21:0:21:Infinity":10}}}
,"C:\\Users\\tompp\\OneDrive - University of Eastern Finland\\Web ohjelmointi 2\\backend-cource-project\\src\\routes\\auth.js": {"path":"C:\\Users\\tompp\\OneDrive - University of Eastern Finland\\Web ohjelmointi 2\\backend-cource-project\\src\\routes\\auth.js","statementMap":{"0":{"start":{"line":1,"column":16},"end":{"line":1,"column":34}},"1":{"start":{"line":2,"column":15},"end":{"line":2,"column":31}},"2":{"start":{"line":3,"column":15},"end":{"line":3,"column":32}},"3":{"start":{"line":4,"column":12},"end":{"line":4,"column":35}},"4":{"start":{"line":5,"column":15},"end":{"line":5,"column":39}},"5":{"start":{"line":6,"column":15},"end":{"line":6,"column":37}},"6":{"start":{"line":7,"column":29},"end":{"line":7,"column":53}},"7":{"start":{"line":8,"column":19},"end":{"line":8,"column":44}},"8":{"start":{"line":11,"column":0},"end":{"line":43,"column":7}},"9":{"start":{"line":12,"column":4},"end":{"line":42,"column":21}},"10":{"start":{"line":13,"column":38},"end":{"line":13,"column":46}},"11":{"start":{"line":15,"column":4},"end":{"line":17,"column":5}},"12":{"start":{"line":16,"column":8},"end":{"line":16,"column":75}},"13":{"start":{"line":19,"column":25},"end":{"line":19,"column":75}},"14":{"start":{"line":20,"column":4},"end":{"line":22,"column":5}},"15":{"start":{"line":21,"column":8},"end":{"line":21,"column":60}},"16":{"start":{"line":24,"column":27},"end":{"line":24,"column":58}},"17":{"start":{"line":26,"column":17},"end":{"line":32,"column":6}},"18":{"start":{"line":34,"column":18},"end":{"line":34,"column":95}},"19":{"start":{"line":36,"column":4},"end":{"line":38,"column":17}},"20":{"start":{"line":42,"column":8},"end":{"line":42,"column":20}},"21":{"start":{"line":45,"column":0},"end":{"line":75,"column":3}},"22":{"start":{"line":46,"column":4},"end":{"line":74,"column":6}},"23":{"start":{"line":47,"column":32},"end":{"line":47,"column":40}},"24":{"start":{"line":49,"column":4},"end":{"line":51,"column":5}},"25":{"start":{"line":50,"column":8},"end":{"line":50,"column":69}},"26":{"start":{"line":53,"column":17},"end":{"line":53,"column":67}},"27":{"start":{"line":55,"column":4},"end":{"line":57,"column":5}},"28":{"start":{"line":56,"column":8},"end":{"line":56,"column":60}},"29":{"start":{"line":59,"column":20},"end":{"line":59,"column":65}},"30":{"start":{"line":61,"column":4},"end":{"line":63,"column":5}},"31":{"start":{"line":62,"column":8},"end":{"line":62,"column":59}},"32":{"start":{"line":65,"column":18},"end":{"line":65,"column":95}},"33":{"start":{"line":67,"column":4},"end":{"line":70,"column":7}},"34":{"start":{"line":73,"column":4},"end":{"line":73,"column":16}},"35":{"start":{"line":77,"column":0},"end":{"line":77,"column":24}}},"fnMap":{"0":{"name":"(anonymous_0)","decl":{"start":{"line":11,"column":25},"end":{"line":11,"column":30}},"loc":{"start":{"line":11,"column":51},"end":{"line":43,"column":5}},"line":11},"1":{"name":"(anonymous_1)","decl":{"start":{"line":45,"column":22},"end":{"line":45,"column":27}},"loc":{"start":{"line":45,"column":48},"end":{"line":75,"column":1}},"line":45}},"branchMap":{"0":{"loc":{"start":{"line":15,"column":4},"end":{"line":17,"column":5}},"type":"if","locations":[{"start":{"line":15,"column":4},"end":{"line":17,"column":5}},{"start":{},"end":{}}],"line":15},"1":{"loc":{"start":{"line":15,"column":8},"end":{"line":15,"column":36}},"type":"binary-expr","locations":[{"start":{"line":15,"column":8},"end":{"line":15,"column":14}},{"start":{"line":15,"column":18},"end":{"line":15,"column":27}},{"start":{"line":15,"column":31},"end":{"line":15,"column":36}}],"line":15},"2":{"loc":{"start":{"line":20,"column":4},"end":{"line":22,"column":5}},"type":"if","locations":[{"start":{"line":20,"column":4},"end":{"line":22,"column":5}},{"start":{},"end":{}}],"line":20},"3":{"loc":{"start":{"line":49,"column":4},"end":{"line":51,"column":5}},"type":"if","locations":[{"start":{"line":49,"column":4},"end":{"line":51,"column":5}},{"start":{},"end":{}}],"line":49},"4":{"loc":{"start":{"line":49,"column":8},"end":{"line":49,"column":27}},"type":"binary-expr","locations":[{"start":{"line":49,"column":8},"end":{"line":49,"column":14}},{"start":{"line":49,"column":18},"end":{"line":49,"column":27}}],"line":49},"5":{"loc":{"start":{"line":55,"column":4},"end":{"line":57,"column":5}},"type":"if","locations":[{"start":{"line":55,"column":4},"end":{"line":57,"column":5}},{"start":{},"end":{}}],"line":55},"6":{"loc":{"start":{"line":61,"column":4},"end":{"line":63,"column":5}},"type":"if","locations":[{"start":{"line":61,"column":4},"end":{"line":63,"column":5}},{"start":{},"end":{}}],"line":61}},"s":{"0":2,"1":2,"2":2,"3":2,"4":2,"5":2,"6":2,"7":2,"8":2,"9":3,"10":3,"11":3,"12":0,"13":3,"14":3,"15":0,"16":3,"17":3,"18":2,"19":2,"20":1,"21":2,"22":2,"23":2,"24":2,"25":0,"26":2,"27":2,"28":0,"29":2,"30":2,"31":0,"32":2,"33":2,"34":0,"35":2},"f":{"0":3,"1":2},"b":{"0":[0,3],"1":[3,3,3],"2":[0,3],"3":[0,2],"4":[2,2],"5":[0,2],"6":[0,2]},"meta":{"lastBranch":7,"lastFunction":2,"lastStatement":36,"seen":{"s:1:16:1:34":0,"s:2:15:2:31":1,"s:3:15:3:32":2,"s:4:12:4:35":3,"s:5:15:5:39":4,"s:6:15:6:37":5,"s:7:29:7:53":6,"s:8:19:8:44":7,"s:11:0:43:7":8,"f:11:25:11:30":0,"s:12:4:42:21":9,"s:13:38:13:46":10,"b:15:4:17:5:undefined:undefined:undefined:undefined":0,"s:15:4:17:5":11,"b:15:8:15:14:15:18:15:27:15:31:15:36":1,"s:16:8:16:75":12,"s:19:25:19:75":13,"b:20:4:22:5:undefined:undefined:undefined:undefined":2,"s:20:4:22:5":14,"s:21:8:21:60":15,"s:24:27:24:58":16,"s:26:17:32:6":17,"s:34:18:34:95":18,"s:36:4:38:17":19,"s:42:8:42:20":20,"s:45:0:75:3":21,"f:45:22:45:27":1,"s:46:4:74:6":22,"s:47:32:47:40":23,"b:49:4:51:5:undefined:undefined:undefined:undefined":3,"s:49:4:51:5":24,"b:49:8:49:14:49:18:49:27":4,"s:50:8:50:69":25,"s:53:17:53:67":26,"b:55:4:57:5:undefined:undefined:undefined:undefined":5,"s:55:4:57:5":27,"s:56:8:56:60":28,"s:59:20:59:65":29,"b:61:4:63:5:undefined:undefined:undefined:undefined":6,"s:61:4:63:5":30,"s:62:8:62:59":31,"s:65:18:65:95":32,"s:67:4:70:7":33,"s:73:4:73:16":34,"s:77:0:77:24":35}}}
,"C:\\Users\\tompp\\OneDrive - University of Eastern Finland\\Web ohjelmointi 2\\backend-cource-project\\src\\routes\\quizs.js": {"path":"C:\\Users\\tompp\\OneDrive - University of Eastern Finland\\Web ohjelmointi 2\\backend-cource-project\\src\\routes\\quizs.js","statementMap":{"0":{"start":{"line":1,"column":17},"end":{"line":1,"column":35}},"1":{"start":{"line":2,"column":15},"end":{"line":2,"column":32}},"2":{"start":{"line":3,"column":15},"end":{"line":3,"column":39}},"3":{"start":{"line":4,"column":21},"end":{"line":4,"column":50}},"4":{"start":{"line":5,"column":16},"end":{"line":5,"column":48}},"5":{"start":{"line":6,"column":15},"end":{"line":6,"column":32}},"6":{"start":{"line":7,"column":13},"end":{"line":7,"column":28}},"7":{"start":{"line":8,"column":26},"end":{"line":8,"column":50}},"8":{"start":{"line":9,"column":12},"end":{"line":9,"column":26}},"9":{"start":{"line":10,"column":15},"end":{"line":10,"column":40}},"10":{"start":{"line":12,"column":18},"end":{"line":16,"column":2}},"11":{"start":{"line":19,"column":16},"end":{"line":26,"column":2}},"12":{"start":{"line":22,"column":16},"end":{"line":22,"column":47}},"13":{"start":{"line":23,"column":19},"end":{"line":23,"column":81}},"14":{"start":{"line":24,"column":4},"end":{"line":24,"column":22}},"15":{"start":{"line":28,"column":15},"end":{"line":39,"column":2}},"16":{"start":{"line":31,"column":2},"end":{"line":36,"column":3}},"17":{"start":{"line":32,"column":4},"end":{"line":32,"column":19}},"18":{"start":{"line":35,"column":4},"end":{"line":35,"column":50}},"19":{"start":{"line":43,"column":0},"end":{"line":43,"column":24}},"20":{"start":{"line":46,"column":4},"end":{"line":56,"column":6}},"21":{"start":{"line":49,"column":44},"end":{"line":49,"column":51}},"22":{"start":{"line":60,"column":0},"end":{"line":94,"column":3}},"23":{"start":{"line":61,"column":17},"end":{"line":61,"column":26}},"24":{"start":{"line":63,"column":16},"end":{"line":64,"column":47}},"25":{"start":{"line":66,"column":13},"end":{"line":66,"column":55}},"26":{"start":{"line":67,"column":14},"end":{"line":67,"column":72}},"27":{"start":{"line":68,"column":13},"end":{"line":68,"column":31}},"28":{"start":{"line":72,"column":30},"end":{"line":84,"column":33}},"29":{"start":{"line":86,"column":2},"end":{"line":92,"column":4}},"30":{"start":{"line":98,"column":0},"end":{"line":116,"column":3}},"31":{"start":{"line":99,"column":2},"end":{"line":115,"column":3}},"32":{"start":{"line":100,"column":17},"end":{"line":100,"column":38}},"33":{"start":{"line":101,"column":15},"end":{"line":104,"column":4}},"34":{"start":{"line":106,"column":2},"end":{"line":108,"column":5}},"35":{"start":{"line":107,"column":6},"end":{"line":107,"column":65}},"36":{"start":{"line":110,"column":2},"end":{"line":110,"column":29}},"37":{"start":{"line":114,"column":4},"end":{"line":114,"column":16}},"38":{"start":{"line":120,"column":0},"end":{"line":154,"column":3}},"39":{"start":{"line":122,"column":2},"end":{"line":153,"column":3}},"40":{"start":{"line":125,"column":43},"end":{"line":125,"column":68}},"41":{"start":{"line":127,"column":26},"end":{"line":127,"column":65}},"42":{"start":{"line":130,"column":21},"end":{"line":130,"column":70}},"43":{"start":{"line":133,"column":20},"end":{"line":147,"column":6}},"44":{"start":{"line":140,"column":54},"end":{"line":143,"column":11}},"45":{"start":{"line":149,"column":4},"end":{"line":149,"column":46}},"46":{"start":{"line":152,"column":4},"end":{"line":152,"column":16}},"47":{"start":{"line":158,"column":0},"end":{"line":192,"column":3}},"48":{"start":{"line":159,"column":2},"end":{"line":191,"column":3}},"49":{"start":{"line":160,"column":19},"end":{"line":160,"column":40}},"50":{"start":{"line":162,"column":43},"end":{"line":162,"column":68}},"51":{"start":{"line":164,"column":25},"end":{"line":164,"column":80}},"52":{"start":{"line":166,"column":4},"end":{"line":168,"column":5}},"53":{"start":{"line":167,"column":10},"end":{"line":167,"column":52}},"54":{"start":{"line":170,"column":21},"end":{"line":170,"column":70}},"55":{"start":{"line":171,"column":26},"end":{"line":171,"column":65}},"56":{"start":{"line":173,"column":24},"end":{"line":186,"column":6}},"57":{"start":{"line":179,"column":60},"end":{"line":182,"column":17}},"58":{"start":{"line":187,"column":4},"end":{"line":187,"column":38}},"59":{"start":{"line":190,"column":4},"end":{"line":190,"column":16}},"60":{"start":{"line":195,"column":0},"end":{"line":214,"column":3}},"61":{"start":{"line":196,"column":19},"end":{"line":196,"column":40}},"62":{"start":{"line":198,"column":17},"end":{"line":201,"column":6}},"63":{"start":{"line":203,"column":4},"end":{"line":205,"column":5}},"64":{"start":{"line":204,"column":8},"end":{"line":204,"column":64}},"65":{"start":{"line":207,"column":4},"end":{"line":209,"column":7}},"66":{"start":{"line":211,"column":4},"end":{"line":213,"column":7}},"67":{"start":{"line":218,"column":0},"end":{"line":283,"column":3}},"68":{"start":{"line":219,"column":21},"end":{"line":219,"column":29}},"69":{"start":{"line":220,"column":17},"end":{"line":220,"column":40}},"70":{"start":{"line":221,"column":17},"end":{"line":221,"column":60}},"71":{"start":{"line":223,"column":2},"end":{"line":282,"column":3}},"72":{"start":{"line":225,"column":4},"end":{"line":227,"column":5}},"73":{"start":{"line":226,"column":6},"end":{"line":226,"column":55}},"74":{"start":{"line":230,"column":4},"end":{"line":232,"column":5}},"75":{"start":{"line":231,"column":6},"end":{"line":231,"column":79}},"76":{"start":{"line":235,"column":17},"end":{"line":237,"column":6}},"77":{"start":{"line":239,"column":4},"end":{"line":241,"column":5}},"78":{"start":{"line":240,"column":6},"end":{"line":240,"column":48}},"79":{"start":{"line":244,"column":22},"end":{"line":244,"column":86}},"80":{"start":{"line":247,"column":24},"end":{"line":262,"column":6}},"81":{"start":{"line":265,"column":24},"end":{"line":267,"column":6}},"82":{"start":{"line":270,"column":4},"end":{"line":277,"column":7}},"83":{"start":{"line":281,"column":4},"end":{"line":281,"column":16}},"84":{"start":{"line":286,"column":0},"end":{"line":286,"column":null}}},"fnMap":{"0":{"name":"(anonymous_0)","decl":{"start":{"line":21,"column":12},"end":{"line":21,"column":13}},"loc":{"start":{"line":21,"column":31},"end":{"line":25,"column":3}},"line":21},"1":{"name":"(anonymous_1)","decl":{"start":{"line":30,"column":12},"end":{"line":30,"column":13}},"loc":{"start":{"line":30,"column":31},"end":{"line":37,"column":1}},"line":30},"2":{"name":"formatQuiz","decl":{"start":{"line":45,"column":9},"end":{"line":45,"column":19}},"loc":{"start":{"line":45,"column":25},"end":{"line":57,"column":1}},"line":45},"3":{"name":"(anonymous_3)","decl":{"start":{"line":49,"column":36},"end":{"line":49,"column":37}},"loc":{"start":{"line":49,"column":44},"end":{"line":49,"column":51}},"line":49},"4":{"name":"(anonymous_4)","decl":{"start":{"line":60,"column":16},"end":{"line":60,"column":21}},"loc":{"start":{"line":60,"column":36},"end":{"line":94,"column":1}},"line":60},"5":{"name":"(anonymous_5)","decl":{"start":{"line":98,"column":19},"end":{"line":98,"column":24}},"loc":{"start":{"line":98,"column":45},"end":{"line":116,"column":1}},"line":98},"6":{"name":"(anonymous_6)","decl":{"start":{"line":120,"column":41},"end":{"line":120,"column":46}},"loc":{"start":{"line":120,"column":67},"end":{"line":154,"column":1}},"line":120},"7":{"name":"(anonymous_7)","decl":{"start":{"line":140,"column":45},"end":{"line":140,"column":46}},"loc":{"start":{"line":140,"column":54},"end":{"line":143,"column":11}},"line":140},"8":{"name":"(anonymous_8)","decl":{"start":{"line":158,"column":51},"end":{"line":158,"column":56}},"loc":{"start":{"line":158,"column":77},"end":{"line":192,"column":1}},"line":158},"9":{"name":"(anonymous_9)","decl":{"start":{"line":179,"column":51},"end":{"line":179,"column":52}},"loc":{"start":{"line":179,"column":60},"end":{"line":182,"column":17}},"line":179},"10":{"name":"(anonymous_10)","decl":{"start":{"line":195,"column":31},"end":{"line":195,"column":36}},"loc":{"start":{"line":195,"column":51},"end":{"line":214,"column":1}},"line":195},"11":{"name":"(anonymous_11)","decl":{"start":{"line":218,"column":25},"end":{"line":218,"column":30}},"loc":{"start":{"line":218,"column":51},"end":{"line":283,"column":1}},"line":218}},"branchMap":{"0":{"loc":{"start":{"line":31,"column":2},"end":{"line":36,"column":3}},"type":"if","locations":[{"start":{"line":31,"column":2},"end":{"line":36,"column":3}},{"start":{"line":34,"column":7},"end":{"line":36,"column":3}}],"line":31},"1":{"loc":{"start":{"line":50,"column":18},"end":{"line":50,"column":41}},"type":"binary-expr","locations":[{"start":{"line":50,"column":18},"end":{"line":50,"column":33}},{"start":{"line":50,"column":37},"end":{"line":50,"column":41}}],"line":50},"2":{"loc":{"start":{"line":51,"column":17},"end":{"line":51,"column":54}},"type":"binary-expr","locations":[{"start":{"line":51,"column":17},"end":{"line":51,"column":28}},{"start":{"line":51,"column":32},"end":{"line":51,"column":54}}],"line":51},"3":{"loc":{"start":{"line":52,"column":22},"end":{"line":52,"column":47}},"type":"binary-expr","locations":[{"start":{"line":52,"column":22},"end":{"line":52,"column":42}},{"start":{"line":52,"column":46},"end":{"line":52,"column":47}}],"line":52},"4":{"loc":{"start":{"line":63,"column":16},"end":{"line":64,"column":47}},"type":"cond-expr","locations":[{"start":{"line":64,"column":2},"end":{"line":64,"column":43}},{"start":{"line":64,"column":45},"end":{"line":64,"column":47}}],"line":63},"5":{"loc":{"start":{"line":66,"column":13},"end":{"line":66,"column":55}},"type":"binary-expr","locations":[{"start":{"line":66,"column":13},"end":{"line":66,"column":50}},{"start":{"line":66,"column":54},"end":{"line":66,"column":55}}],"line":66},"6":{"loc":{"start":{"line":67,"column":14},"end":{"line":67,"column":72}},"type":"binary-expr","locations":[{"start":{"line":67,"column":14},"end":{"line":67,"column":67}},{"start":{"line":67,"column":71},"end":{"line":67,"column":72}}],"line":67},"7":{"loc":{"start":{"line":106,"column":2},"end":{"line":108,"column":5}},"type":"if","locations":[{"start":{"line":106,"column":2},"end":{"line":108,"column":5}},{"start":{},"end":{}}],"line":106},"8":{"loc":{"start":{"line":127,"column":26},"end":{"line":127,"column":65}},"type":"cond-expr","locations":[{"start":{"line":127,"column":52},"end":{"line":127,"column":60}},{"start":{"line":127,"column":63},"end":{"line":127,"column":65}}],"line":127},"9":{"loc":{"start":{"line":130,"column":21},"end":{"line":130,"column":70}},"type":"cond-expr","locations":[{"start":{"line":130,"column":32},"end":{"line":130,"column":63}},{"start":{"line":130,"column":66},"end":{"line":130,"column":70}}],"line":130},"10":{"loc":{"start":{"line":166,"column":4},"end":{"line":168,"column":5}},"type":"if","locations":[{"start":{"line":166,"column":4},"end":{"line":168,"column":5}},{"start":{},"end":{}}],"line":166},"11":{"loc":{"start":{"line":170,"column":21},"end":{"line":170,"column":70}},"type":"cond-expr","locations":[{"start":{"line":170,"column":32},"end":{"line":170,"column":63}},{"start":{"line":170,"column":66},"end":{"line":170,"column":70}}],"line":170},"12":{"loc":{"start":{"line":171,"column":26},"end":{"line":171,"column":65}},"type":"cond-expr","locations":[{"start":{"line":171,"column":52},"end":{"line":171,"column":60}},{"start":{"line":171,"column":63},"end":{"line":171,"column":65}}],"line":171},"13":{"loc":{"start":{"line":203,"column":4},"end":{"line":205,"column":5}},"type":"if","locations":[{"start":{"line":203,"column":4},"end":{"line":205,"column":5}},{"start":{},"end":{}}],"line":203},"14":{"loc":{"start":{"line":221,"column":17},"end":{"line":221,"column":60}},"type":"cond-expr","locations":[{"start":{"line":221,"column":28},"end":{"line":221,"column":53}},{"start":{"line":221,"column":56},"end":{"line":221,"column":60}}],"line":221},"15":{"loc":{"start":{"line":225,"column":4},"end":{"line":227,"column":5}},"type":"if","locations":[{"start":{"line":225,"column":4},"end":{"line":227,"column":5}},{"start":{},"end":{}}],"line":225},"16":{"loc":{"start":{"line":225,"column":8},"end":{"line":225,"column":32}},"type":"binary-expr","locations":[{"start":{"line":225,"column":8},"end":{"line":225,"column":15}},{"start":{"line":225,"column":19},"end":{"line":225,"column":32}}],"line":225},"17":{"loc":{"start":{"line":230,"column":4},"end":{"line":232,"column":5}},"type":"if","locations":[{"start":{"line":230,"column":4},"end":{"line":232,"column":5}},{"start":{},"end":{}}],"line":230},"18":{"loc":{"start":{"line":239,"column":4},"end":{"line":241,"column":5}},"type":"if","locations":[{"start":{"line":239,"column":4},"end":{"line":241,"column":5}},{"start":{},"end":{}}],"line":239}},"s":{"0":2,"1":2,"2":2,"3":2,"4":2,"5":2,"6":2,"7":2,"8":2,"9":2,"10":2,"11":2,"12":0,"13":0,"14":0,"15":2,"16":0,"17":0,"18":0,"19":2,"20":0,"21":0,"22":2,"23":0,"24":0,"25":0,"26":0,"27":0,"28":0,"29":0,"30":2,"31":1,"32":1,"33":1,"34":1,"35":1,"36":0,"37":0,"38":2,"39":1,"40":1,"41":1,"42":1,"43":1,"44":0,"45":0,"46":1,"47":2,"48":0,"49":0,"50":0,"51":0,"52":0,"53":0,"54":0,"55":0,"56":0,"57":0,"58":0,"59":0,"60":2,"61":0,"62":0,"63":0,"64":0,"65":0,"66":0,"67":2,"68":0,"69":0,"70":0,"71":0,"72":0,"73":0,"74":0,"75":0,"76":0,"77":0,"78":0,"79":0,"80":0,"81":0,"82":0,"83":0,"84":2},"f":{"0":0,"1":0,"2":0,"3":0,"4":0,"5":1,"6":1,"7":0,"8":0,"9":0,"10":0,"11":0},"b":{"0":[0,0],"1":[0,0],"2":[0,0],"3":[0,0],"4":[0,0],"5":[0,0],"6":[0,0],"7":[1,0],"8":[0,1],"9":[0,0],"10":[0,0],"11":[0,0],"12":[0,0],"13":[0,0],"14":[0,0],"15":[0,0],"16":[0,0],"17":[0,0],"18":[0,0]},"meta":{"lastBranch":19,"lastFunction":12,"lastStatement":85,"seen":{"s:1:17:1:35":0,"s:2:15:2:32":1,"s:3:15:3:39":2,"s:4:21:4:50":3,"s:5:16:5:48":4,"s:6:15:6:32":5,"s:7:13:7:28":6,"s:8:26:8:50":7,"s:9:12:9:26":8,"s:10:15:10:40":9,"s:12:18:16:2":10,"s:19:16:26:2":11,"f:21:12:21:13":0,"s:22:16:22:47":12,"s:23:19:23:81":13,"s:24:4:24:22":14,"s:28:15:39:2":15,"f:30:12:30:13":1,"b:31:2:36:3:34:7:36:3":0,"s:31:2:36:3":16,"s:32:4:32:19":17,"s:35:4:35:50":18,"s:43:0:43:24":19,"f:45:9:45:19":2,"s:46:4:56:6":20,"f:49:36:49:37":3,"s:49:44:49:51":21,"b:50:18:50:33:50:37:50:41":1,"b:51:17:51:28:51:32:51:54":2,"b:52:22:52:42:52:46:52:47":3,"s:60:0:94:3":22,"f:60:16:60:21":4,"s:61:17:61:26":23,"s:63:16:64:47":24,"b:64:2:64:43:64:45:64:47":4,"s:66:13:66:55":25,"b:66:13:66:50:66:54:66:55":5,"s:67:14:67:72":26,"b:67:14:67:67:67:71:67:72":6,"s:68:13:68:31":27,"s:72:30:84:33":28,"s:86:2:92:4":29,"s:98:0:116:3":30,"f:98:19:98:24":5,"s:99:2:115:3":31,"s:100:17:100:38":32,"s:101:15:104:4":33,"b:106:2:108:5:undefined:undefined:undefined:undefined":7,"s:106:2:108:5":34,"s:107:6:107:65":35,"s:110:2:110:29":36,"s:114:4:114:16":37,"s:120:0:154:3":38,"f:120:41:120:46":6,"s:122:2:153:3":39,"s:125:43:125:68":40,"s:127:26:127:65":41,"b:127:52:127:60:127:63:127:65":8,"s:130:21:130:70":42,"b:130:32:130:63:130:66:130:70":9,"s:133:20:147:6":43,"f:140:45:140:46":7,"s:140:54:143:11":44,"s:149:4:149:46":45,"s:152:4:152:16":46,"s:158:0:192:3":47,"f:158:51:158:56":8,"s:159:2:191:3":48,"s:160:19:160:40":49,"s:162:43:162:68":50,"s:164:25:164:80":51,"b:166:4:168:5:undefined:undefined:undefined:undefined":10,"s:166:4:168:5":52,"s:167:10:167:52":53,"s:170:21:170:70":54,"b:170:32:170:63:170:66:170:70":11,"s:171:26:171:65":55,"b:171:52:171:60:171:63:171:65":12,"s:173:24:186:6":56,"f:179:51:179:52":9,"s:179:60:182:17":57,"s:187:4:187:38":58,"s:190:4:190:16":59,"s:195:0:214:3":60,"f:195:31:195:36":10,"s:196:19:196:40":61,"s:198:17:201:6":62,"b:203:4:205:5:undefined:undefined:undefined:undefined":13,"s:203:4:205:5":63,"s:204:8:204:64":64,"s:207:4:209:7":65,"s:211:4:213:7":66,"s:218:0:283:3":67,"f:218:25:218:30":11,"s:219:21:219:29":68,"s:220:17:220:40":69,"s:221:17:221:60":70,"b:221:28:221:53:221:56:221:60":14,"s:223:2:282:3":71,"b:225:4:227:5:undefined:undefined:undefined:undefined":15,"s:225:4:227:5":72,"b:225:8:225:15:225:19:225:32":16,"s:226:6:226:55":73,"b:230:4:232:5:undefined:undefined:undefined:undefined":17,"s:230:4:232:5":74,"s:231:6:231:79":75,"s:235:17:237:6":76,"b:239:4:241:5:undefined:undefined:undefined:undefined":18,"s:239:4:241:5":77,"s:240:6:240:48":78,"s:244:22:244:86":79,"s:247:24:262:6":80,"s:265:24:267:6":81,"s:270:4:277:7":82,"s:281:4:281:16":83,"s:286:0:286:Infinity":84}}}
,"C:\\Users\\tompp\\OneDrive - University of Eastern Finland\\Web ohjelmointi 2\\backend-cource-project\\tests\\helpers.js": {"path":"C:\\Users\\tompp\\OneDrive - University of Eastern Finland\\Web ohjelmointi 2\\backend-cource-project\\tests\\helpers.js","statementMap":{"0":{"start":{"line":1,"column":16},"end":{"line":1,"column":36}},"1":{"start":{"line":2,"column":12},"end":{"line":2,"column":33}},"2":{"start":{"line":3,"column":15},"end":{"line":3,"column":43}},"3":{"start":{"line":6,"column":4},"end":{"line":6,"column":37}},"4":{"start":{"line":7,"column":4},"end":{"line":7,"column":35}},"5":{"start":{"line":8,"column":4},"end":{"line":8,"column":35}},"6":{"start":{"line":9,"column":4},"end":{"line":9,"column":38}},"7":{"start":{"line":13,"column":4},"end":{"line":13,"column":88}},"8":{"start":{"line":14,"column":16},"end":{"line":14,"column":90}},"9":{"start":{"line":15,"column":4},"end":{"line":15,"column":26}},"10":{"start":{"line":19,"column":16},"end":{"line":21,"column":39}},"11":{"start":{"line":22,"column":4},"end":{"line":22,"column":20}},"12":{"start":{"line":24,"column":0},"end":{"line":31,"column":null}}},"fnMap":{"0":{"name":"resetDb","decl":{"start":{"line":5,"column":15},"end":{"line":5,"column":22}},"loc":{"start":{"line":5,"column":24},"end":{"line":10,"column":1}},"line":5},"1":{"name":"registerAndLogin","decl":{"start":{"line":12,"column":15},"end":{"line":12,"column":31}},"loc":{"start":{"line":12,"column":59},"end":{"line":16,"column":1}},"line":12},"2":{"name":"createQuiz","decl":{"start":{"line":18,"column":15},"end":{"line":18,"column":25}},"loc":{"start":{"line":18,"column":45},"end":{"line":23,"column":1}},"line":18}},"branchMap":{"0":{"loc":{"start":{"line":12,"column":32},"end":{"line":12,"column":49}},"type":"default-arg","locations":[{"start":{"line":12,"column":38},"end":{"line":12,"column":49}}],"line":12},"1":{"loc":{"start":{"line":12,"column":50},"end":{"line":12,"column":58}},"type":"default-arg","locations":[{"start":{"line":12,"column":55},"end":{"line":12,"column":58}}],"line":12},"2":{"loc":{"start":{"line":18,"column":32},"end":{"line":18,"column":44}},"type":"default-arg","locations":[{"start":{"line":18,"column":42},"end":{"line":18,"column":44}}],"line":18}},"s":{"0":2,"1":2,"2":2,"3":4,"4":4,"5":4,"6":4,"7":2,"8":2,"9":2,"10":0,"11":0,"12":2},"f":{"0":4,"1":2,"2":0},"b":{"0":[2],"1":[2],"2":[0]},"meta":{"lastBranch":3,"lastFunction":3,"lastStatement":13,"seen":{"s:1:16:1:36":0,"s:2:12:2:33":1,"s:3:15:3:43":2,"f:5:15:5:22":0,"s:6:4:6:37":3,"s:7:4:7:35":4,"s:8:4:8:35":5,"s:9:4:9:38":6,"f:12:15:12:31":1,"b:12:38:12:49":0,"b:12:55:12:58":1,"s:13:4:13:88":7,"s:14:16:14:90":8,"s:15:4:15:26":9,"f:18:15:18:25":2,"b:18:42:18:44":2,"s:19:16:21:39":10,"s:22:4:22:20":11,"s:24:0:31:Infinity":12}}}
}
